<?xml version="1.0" encoding="UTF-8"?>
<testng-results skipped="0" failed="0" ignored="0" total="5" passed="5">
  <reporter-output>
  </reporter-output>
  <suite name="Suite" duration-ms="10640" started-at="2022-02-02T17:00:27 IST" finished-at="2022-02-02T17:00:38 IST">
    <groups>
    </groups>
    <test name="Test" duration-ms="10640" started-at="2022-02-02T17:00:27 IST" finished-at="2022-02-02T17:00:38 IST">
      <class name="ram.RamaRaju">
        <test-method status="PASS" signature="openbrowser()[pri:0, instance:ram.RamaRaju@bd8db5a]" name="openbrowser" is-config="true" duration-ms="10408" started-at="2022-02-02T17:00:17 IST" finished-at="2022-02-02T17:00:27 IST">
          <reporter-output>
          </reporter-output>
        </test-method> <!-- openbrowser -->
        <test-method status="PASS" signature="beforetest()[pri:0, instance:ram.RamaRaju@bd8db5a]" name="beforetest" is-config="true" duration-ms="0" started-at="2022-02-02T17:00:27 IST" finished-at="2022-02-02T17:00:27 IST">
          <reporter-output>
          </reporter-output>
        </test-method> <!-- beforetest -->
        <test-method status="PASS" signature="BeforeClass()[pri:0, instance:ram.RamaRaju@bd8db5a]" name="BeforeClass" is-config="true" duration-ms="1" started-at="2022-02-02T17:00:27 IST" finished-at="2022-02-02T17:00:27 IST">
          <reporter-output>
          </reporter-output>
        </test-method> <!-- BeforeClass -->
        <test-method status="PASS" signature="beforemethod()[pri:0, instance:ram.RamaRaju@bd8db5a]" name="beforemethod" is-config="true" duration-ms="1" started-at="2022-02-02T17:00:28 IST" finished-at="2022-02-02T17:00:28 IST">
          <reporter-output>
          </reporter-output>
        </test-method> <!-- beforemethod -->
        <test-method status="PASS" signature="Job()[pri:0, instance:ram.RamaRaju@bd8db5a]" name="Job" duration-ms="16" started-at="2022-02-02T17:00:28 IST" finished-at="2022-02-02T17:00:28 IST">
          <reporter-output>
          </reporter-output>
        </test-method> <!-- Job -->
        <test-method status="PASS" signature="aftermethod()[pri:0, instance:ram.RamaRaju@bd8db5a]" name="aftermethod" is-config="true" duration-ms="0" started-at="2022-02-02T17:00:28 IST" finished-at="2022-02-02T17:00:28 IST">
          <reporter-output>
          </reporter-output>
        </test-method> <!-- aftermethod -->
        <test-method status="PASS" signature="beforemethod()[pri:0, instance:ram.RamaRaju@bd8db5a]" name="beforemethod" is-config="true" duration-ms="2" started-at="2022-02-02T17:00:28 IST" finished-at="2022-02-02T17:00:28 IST">
          <reporter-output>
          </reporter-output>
        </test-method> <!-- beforemethod -->
        <test-method status="PASS" signature="hike()[pri:0, instance:ram.RamaRaju@bd8db5a]" name="hike" duration-ms="3" started-at="2022-02-02T17:00:28 IST" finished-at="2022-02-02T17:00:28 IST">
          <reporter-output>
          </reporter-output>
        </test-method> <!-- hike -->
        <test-method status="PASS" signature="aftermethod()[pri:0, instance:ram.RamaRaju@bd8db5a]" name="aftermethod" is-config="true" duration-ms="1" started-at="2022-02-02T17:00:28 IST" finished-at="2022-02-02T17:00:28 IST">
          <reporter-output>
          </reporter-output>
        </test-method> <!-- aftermethod -->
        <test-method status="PASS" signature="beforemethod()[pri:0, instance:ram.RamaRaju@bd8db5a]" name="beforemethod" is-config="true" duration-ms="1" started-at="2022-02-02T17:00:28 IST" finished-at="2022-02-02T17:00:28 IST">
          <reporter-output>
          </reporter-output>
        </test-method> <!-- beforemethod -->
        <test-method status="PASS" signature="logintest()[pri:0, instance:ram.RamaRaju@bd8db5a]" name="logintest" duration-ms="10419" started-at="2022-02-02T17:00:28 IST" finished-at="2022-02-02T17:00:38 IST">
          <reporter-output>
          </reporter-output>
        </test-method> <!-- logintest -->
        <test-method status="PASS" signature="aftermethod()[pri:0, instance:ram.RamaRaju@bd8db5a]" name="aftermethod" is-config="true" duration-ms="1" started-at="2022-02-02T17:00:38 IST" finished-at="2022-02-02T17:00:38 IST">
          <reporter-output>
          </reporter-output>
        </test-method> <!-- aftermethod -->
        <test-method status="PASS" signature="beforemethod()[pri:0, instance:ram.RamaRaju@bd8db5a]" name="beforemethod" is-config="true" duration-ms="1" started-at="2022-02-02T17:00:38 IST" finished-at="2022-02-02T17:00:38 IST">
          <reporter-output>
          </reporter-output>
        </test-method> <!-- beforemethod -->
        <test-method status="PASS" signature="uselesseclipse()[pri:0, instance:ram.RamaRaju@bd8db5a]" name="uselesseclipse" duration-ms="13" started-at="2022-02-02T17:00:38 IST" finished-at="2022-02-02T17:00:38 IST">
          <reporter-output>
          </reporter-output>
        </test-method> <!-- uselesseclipse -->
        <test-method status="PASS" signature="aftermethod()[pri:0, instance:ram.RamaRaju@bd8db5a]" name="aftermethod" is-config="true" duration-ms="0" started-at="2022-02-02T17:00:38 IST" finished-at="2022-02-02T17:00:38 IST">
          <reporter-output>
          </reporter-output>
        </test-method> <!-- aftermethod -->
        <test-method status="PASS" signature="afterclass()[pri:0, instance:ram.RamaRaju@bd8db5a]" name="afterclass" is-config="true" duration-ms="1" started-at="2022-02-02T17:00:38 IST" finished-at="2022-02-02T17:00:38 IST">
          <reporter-output>
          </reporter-output>
        </test-method> <!-- afterclass -->
        <test-method status="PASS" signature="aftertest()[pri:0, instance:ram.RamaRaju@bd8db5a]" name="aftertest" is-config="true" duration-ms="1" started-at="2022-02-02T17:00:38 IST" finished-at="2022-02-02T17:00:38 IST">
          <reporter-output>
          </reporter-output>
        </test-method> <!-- aftertest -->
        <test-method status="PASS" signature="closebrowser()[pri:0, instance:ram.RamaRaju@bd8db5a]" name="closebrowser" is-config="true" duration-ms="5515" started-at="2022-02-02T17:00:38 IST" finished-at="2022-02-02T17:00:44 IST">
          <reporter-output>
          </reporter-output>
        </test-method> <!-- closebrowser -->
      </class> <!-- ram.RamaRaju -->
      <class name="sai.sairam">
        <test-method status="PASS" signature="job()[pri:0, instance:sai.sairam@2a556333]" name="job" is-config="true" duration-ms="1" started-at="2022-02-02T17:00:27 IST" finished-at="2022-02-02T17:00:27 IST">
          <reporter-output>
          </reporter-output>
        </test-method> <!-- job -->
        <test-method status="PASS" signature="hike()[pri:0, instance:sai.sairam@2a556333]" name="hike" duration-ms="6" started-at="2022-02-02T17:00:38 IST" finished-at="2022-02-02T17:00:38 IST">
          <reporter-output>
          </reporter-output>
        </test-method> <!-- hike -->
        <test-method status="PASS" signature="java()[pri:0, instance:sai.sairam@2a556333]" name="java" is-config="true" duration-ms="1" started-at="2022-02-02T17:00:44 IST" finished-at="2022-02-02T17:00:44 IST">
          <reporter-output>
          </reporter-output>
        </test-method> <!-- java -->
      </class> <!-- sai.sairam -->
    </test> <!-- Test -->
  </suite> <!-- Suite -->
</testng-results>
