<?xml version="1.0" encoding="UTF-8"?>
<!-- Generated by org.testng.reporters.JUnitXMLReporter -->
<testsuite ignored="12" hostname="LAPTOP-9KUC2J4U" failures="0" tests="4" name="Test" time="48.309" errors="0" timestamp="2022-03-15T02:01:00 IST">
  <testcase classname="com.rameshsoft.automation.appln.bussinessscripts.gmailtest" name="gmaillogintest" time="8.734"/>
  <testcase classname="com.rameshsoft.automation.appln.bussinessscripts.fbtest" name="fbtest" time="2.882"/>
  <testcase classname="com.rameshsoft.automation.appln.bussinessscripts.fptest" name="flpkrttest" time="6.994"/>
  <testcase classname="com.rameshsoft.automation.appln.bussinessscripts.InstTest" name="instTest" time="26.66"/>
  <testcase classname="com.rameshsoft.automation.base.basetest" name="@BeforeTest initTeports" time="0.0">
    <ignored/>
  </testcase> <!-- @BeforeTest initTeports -->
  <testcase classname="com.rameshsoft.automation.base.basetest" name="@BeforeTest initTeports" time="0.0">
    <ignored/>
  </testcase> <!-- @BeforeTest initTeports -->
  <testcase classname="com.rameshsoft.automation.base.basetest" name="@BeforeTest initTeports" time="0.0">
    <ignored/>
  </testcase> <!-- @BeforeTest initTeports -->
  <testcase classname="com.rameshsoft.automation.base.basetest" name="@AfterTest generateReports" time="0.0">
    <ignored/>
  </testcase> <!-- @AfterTest generateReports -->
  <testcase classname="com.rameshsoft.automation.base.basetest" name="@AfterTest generateReports" time="0.0">
    <ignored/>
  </testcase> <!-- @AfterTest generateReports -->
  <testcase classname="com.rameshsoft.automation.base.basetest" name="@AfterTest generateReports" time="0.0">
    <ignored/>
  </testcase> <!-- @AfterTest generateReports -->
  <testcase classname="com.rameshsoft.automation.base.basetest" name="@AfterSuite closebrowser" time="0.0">
    <ignored/>
  </testcase> <!-- @AfterSuite closebrowser -->
  <testcase classname="com.rameshsoft.automation.base.basetest" name="@AfterSuite closebrowser" time="0.0">
    <ignored/>
  </testcase> <!-- @AfterSuite closebrowser -->
  <testcase classname="com.rameshsoft.automation.base.basetest" name="@AfterSuite closebrowser" time="0.0">
    <ignored/>
  </testcase> <!-- @AfterSuite closebrowser -->
  <testcase classname="com.rameshsoft.automation.base.basetest" name="@BeforeSuite openbrowser" time="0.0">
    <ignored/>
  </testcase> <!-- @BeforeSuite openbrowser -->
  <testcase classname="com.rameshsoft.automation.base.basetest" name="@BeforeSuite openbrowser" time="0.0">
    <ignored/>
  </testcase> <!-- @BeforeSuite openbrowser -->
  <testcase classname="com.rameshsoft.automation.base.basetest" name="@BeforeSuite openbrowser" time="0.0">
    <ignored/>
  </testcase> <!-- @BeforeSuite openbrowser -->
</testsuite> <!-- Test -->
