<?xml version="1.0" encoding="UTF-8"?>
<!-- Generated by org.testng.reporters.JUnitXMLReporter -->
<testsuite ignored="4" hostname="LAPTOP-9KUC2J4U" failures="0" tests="3" name="Test" time="35.506" errors="0" timestamp="2023-09-13T15:22:07 IST">
  <testcase classname="com.rameshsoft.automation.bussinesscripts.Gmailtest" name="gmailtest" time="5.943"/>
  <testcase classname="com.rameshsoft.automation.bussinesscripts.Insttest" name="insttest" time="8.753"/>
  <testcase classname="com.rameshsoft.automation.bussinesscripts.Fptest" name="fptest" time="20.622"/>
  <testcase classname="com.rameshsoft.automation.basetest.Basetest" name="@BeforeSuite openbrowser" time="0.0">
    <ignored/>
  </testcase> <!-- @BeforeSuite openbrowser -->
  <testcase classname="com.rameshsoft.automation.basetest.Basetest" name="@AfterSuite closebrowser" time="0.0">
    <ignored/>
  </testcase> <!-- @AfterSuite closebrowser -->
  <testcase classname="com.rameshsoft.automation.basetest.Basetest" name="@BeforeSuite openbrowser" time="0.0">
    <ignored/>
  </testcase> <!-- @BeforeSuite openbrowser -->
  <testcase classname="com.rameshsoft.automation.basetest.Basetest" name="@AfterSuite closebrowser" time="0.0">
    <ignored/>
  </testcase> <!-- @AfterSuite closebrowser -->
</testsuite> <!-- Test -->
