<?xml version="1.0" encoding="UTF-8"?>
<testng-results ignored="0" total="4" passed="4" failed="0" skipped="0">
  <reporter-output>
  </reporter-output>
  <suite started-at="2023-08-25T19:16:05 IST" name="Suite" finished-at="2023-08-25T19:16:05 IST" duration-ms="233">
    <groups>
      <group name="si">
        <method signature="Demo1.hike1()[pri:0, instance:com.rameshsoft.seleniumadv.Demo1@4b013c76]" name="hike1" class="com.rameshsoft.seleniumadv.Demo1"/>
        <method signature="Demo3.hike3()[pri:0, instance:com.rameshsoft.seleniumadv.Demo3@548d708a]" name="hike3" class="com.rameshsoft.seleniumadv.Demo3"/>
        <method signature="Demo22.hike22()[pri:0, instance:com.rameshsoft.seleniumcore.Demo22@4be29ed9]" name="hike22" class="com.rameshsoft.seleniumcore.Demo22"/>
      </group> <!-- si -->
      <group name="e2e">
        <method signature="Demo1.hike1()[pri:0, instance:com.rameshsoft.seleniumadv.Demo1@4b013c76]" name="hike1" class="com.rameshsoft.seleniumadv.Demo1"/>
        <method signature="Demo1.job1()[pri:0, instance:com.rameshsoft.seleniumadv.Demo1@4b013c76]" name="job1" class="com.rameshsoft.seleniumadv.Demo1"/>
        <method signature="Demo3.hike3()[pri:0, instance:com.rameshsoft.seleniumadv.Demo3@548d708a]" name="hike3" class="com.rameshsoft.seleniumadv.Demo3"/>
        <method signature="Demo22.hike22()[pri:0, instance:com.rameshsoft.seleniumcore.Demo22@4be29ed9]" name="hike22" class="com.rameshsoft.seleniumcore.Demo22"/>
      </group> <!-- e2e -->
    </groups>
    <test started-at="2023-08-25T19:16:05 IST" name="Test" finished-at="2023-08-25T19:16:05 IST" duration-ms="233">
      <class name="com.rameshsoft.seleniumcore.Demo22">
        <test-method signature="hike22()[pri:0, instance:com.rameshsoft.seleniumcore.Demo22@4be29ed9]" started-at="2023-08-25T19:16:05 IST" name="hike22" finished-at="2023-08-25T19:16:05 IST" duration-ms="21" status="PASS">
          <reporter-output>
          </reporter-output>
        </test-method> <!-- hike22 -->
      </class> <!-- com.rameshsoft.seleniumcore.Demo22 -->
      <class name="com.rameshsoft.seleniumadv.Demo1">
        <test-method signature="hike1()[pri:0, instance:com.rameshsoft.seleniumadv.Demo1@4b013c76]" started-at="2023-08-25T19:16:05 IST" name="hike1" finished-at="2023-08-25T19:16:05 IST" duration-ms="5" status="PASS">
          <reporter-output>
          </reporter-output>
        </test-method> <!-- hike1 -->
        <test-method signature="job1()[pri:0, instance:com.rameshsoft.seleniumadv.Demo1@4b013c76]" started-at="2023-08-25T19:16:05 IST" name="job1" finished-at="2023-08-25T19:16:05 IST" duration-ms="10" status="PASS">
          <reporter-output>
          </reporter-output>
        </test-method> <!-- job1 -->
      </class> <!-- com.rameshsoft.seleniumadv.Demo1 -->
      <class name="com.rameshsoft.seleniumadv.Demo3">
        <test-method signature="hike3()[pri:0, instance:com.rameshsoft.seleniumadv.Demo3@548d708a]" started-at="2023-08-25T19:16:05 IST" name="hike3" finished-at="2023-08-25T19:16:05 IST" duration-ms="4" status="PASS">
          <reporter-output>
          </reporter-output>
        </test-method> <!-- hike3 -->
      </class> <!-- com.rameshsoft.seleniumadv.Demo3 -->
    </test> <!-- Test -->
  </suite> <!-- Suite -->
</testng-results>
