<?xml version="1.0" encoding="UTF-8"?>
<!-- Generated by org.testng.reporters.JUnitXMLReporter -->
<testsuite hostname="LAPTOP-9KUC2J4U" ignored="12" name="Test" tests="4" failures="0" timestamp="2022-03-04T14:33:03 IST" time="32.158" errors="0">
  <testcase name="gmaillogintest" time="10.962" classname="com.rameshsoft.automation.appln.bussinessscripts.gmailtest"/>
  <testcase name="fbtest" time="0.007" classname="com.rameshsoft.automation.appln.bussinessscripts.fbtest"/>
  <testcase name="flpkrttest" time="8.886" classname="com.rameshsoft.automation.appln.bussinessscripts.fptest"/>
  <testcase name="instTest" time="10.088" classname="com.rameshsoft.automation.appln.bussinessscripts.InstTest"/>
  <testcase name="@BeforeTest initTeports" time="0.0" classname="com.rameshsoft.automation.base.basetest">
    <ignored/>
  </testcase> <!-- @BeforeTest initTeports -->
  <testcase name="@BeforeTest initTeports" time="0.0" classname="com.rameshsoft.automation.base.basetest">
    <ignored/>
  </testcase> <!-- @BeforeTest initTeports -->
  <testcase name="@BeforeTest initTeports" time="0.0" classname="com.rameshsoft.automation.base.basetest">
    <ignored/>
  </testcase> <!-- @BeforeTest initTeports -->
  <testcase name="@AfterTest generateReports" time="0.0" classname="com.rameshsoft.automation.base.basetest">
    <ignored/>
  </testcase> <!-- @AfterTest generateReports -->
  <testcase name="@AfterTest generateReports" time="0.0" classname="com.rameshsoft.automation.base.basetest">
    <ignored/>
  </testcase> <!-- @AfterTest generateReports -->
  <testcase name="@AfterTest generateReports" time="0.0" classname="com.rameshsoft.automation.base.basetest">
    <ignored/>
  </testcase> <!-- @AfterTest generateReports -->
  <testcase name="@AfterSuite closebrowser" time="0.0" classname="com.rameshsoft.automation.base.basetest">
    <ignored/>
  </testcase> <!-- @AfterSuite closebrowser -->
  <testcase name="@AfterSuite closebrowser" time="0.0" classname="com.rameshsoft.automation.base.basetest">
    <ignored/>
  </testcase> <!-- @AfterSuite closebrowser -->
  <testcase name="@AfterSuite closebrowser" time="0.0" classname="com.rameshsoft.automation.base.basetest">
    <ignored/>
  </testcase> <!-- @AfterSuite closebrowser -->
  <testcase name="@BeforeSuite openbrowser" time="0.0" classname="com.rameshsoft.automation.base.basetest">
    <ignored/>
  </testcase> <!-- @BeforeSuite openbrowser -->
  <testcase name="@BeforeSuite openbrowser" time="0.0" classname="com.rameshsoft.automation.base.basetest">
    <ignored/>
  </testcase> <!-- @BeforeSuite openbrowser -->
  <testcase name="@BeforeSuite openbrowser" time="0.0" classname="com.rameshsoft.automation.base.basetest">
    <ignored/>
  </testcase> <!-- @BeforeSuite openbrowser -->
</testsuite> <!-- Test -->
