<?xml version="1.0" encoding="UTF-8"?>
<testng-results ignored="0" total="1" passed="1" failed="0" skipped="0">
  <reporter-output>
  </reporter-output>
  <suite started-at="2023-09-18T09:08:26 IST" name="Default suite" finished-at="2023-09-18T09:08:37 IST" duration-ms="11290">
    <groups>
    </groups>
    <test started-at="2023-09-18T09:08:26 IST" name="Default test" finished-at="2023-09-18T09:08:37 IST" duration-ms="11290">
      <class name="com.rameshsoft.automation.bussinesscripts.Fptest">
        <test-method is-config="true" signature="openbrowser(java.lang.String)[pri:0, instance:com.rameshsoft.automation.bussinesscripts.Fptest@2f01783a]" started-at="2023-09-18T09:08:16 IST" name="openbrowser" finished-at="2023-09-18T09:08:26 IST" duration-ms="9607" status="PASS">
          <params>
            <param index="0">
              <value>
                <![CDATA[chrome]]>
              </value>
            </param>
          </params>
          <reporter-output>
          </reporter-output>
        </test-method> <!-- openbrowser -->
        <test-method is-config="true" signature="beforemethodexecution(java.lang.reflect.Method)[pri:0, instance:com.rameshsoft.automation.bussinesscripts.Fptest@2f01783a]" started-at="2023-09-18T09:08:26 IST" name="beforemethodexecution" finished-at="2023-09-18T09:08:26 IST" duration-ms="4" status="PASS">
          <params>
            <param index="0">
              <value>
                <![CDATA[public void com.rameshsoft.automation.bussinesscripts.Fptest.fptest() throws com.rameshsoft.automation.customisedexceptions.Frameworksexception,java.io.IOException,java.lang.InterruptedException]]>
              </value>
            </param>
          </params>
          <reporter-output>
          </reporter-output>
        </test-method> <!-- beforemethodexecution -->
        <test-method signature="fptest()[pri:0, instance:com.rameshsoft.automation.bussinesscripts.Fptest@2f01783a]" started-at="2023-09-18T09:08:26 IST" name="fptest" finished-at="2023-09-18T09:08:37 IST" duration-ms="11049" status="PASS">
          <reporter-output>
          </reporter-output>
        </test-method> <!-- fptest -->
        <test-method is-config="true" signature="aftertestexecution(org.testng.ITestResult)[pri:0, instance:com.rameshsoft.automation.bussinesscripts.Fptest@2f01783a]" started-at="2023-09-18T09:08:37 IST" name="aftertestexecution" finished-at="2023-09-18T09:08:37 IST" duration-ms="2" status="PASS">
          <params>
            <param index="0">
              <value>
                <![CDATA[[TestResult name=fptest status=SUCCESS method=Fptest.fptest()[pri:0, instance:com.rameshsoft.automation.bussinesscripts.Fptest@2f01783a] output={null}]]]>
              </value>
            </param>
          </params>
          <reporter-output>
          </reporter-output>
        </test-method> <!-- aftertestexecution -->
        <test-method is-config="true" signature="closebrowser()[pri:0, instance:com.rameshsoft.automation.bussinesscripts.Fptest@2f01783a]" started-at="2023-09-18T09:08:37 IST" name="closebrowser" finished-at="2023-09-18T09:08:38 IST" duration-ms="722" status="PASS">
          <reporter-output>
          </reporter-output>
        </test-method> <!-- closebrowser -->
      </class> <!-- com.rameshsoft.automation.bussinesscripts.Fptest -->
    </test> <!-- Default test -->
  </suite> <!-- Default suite -->
</testng-results>
