<?xml version="1.0" encoding="UTF-8"?>
<testng-results ignored="0" total="2" passed="2" failed="0" skipped="0">
  <reporter-output>
  </reporter-output>
  <suite started-at="2023-08-25T19:13:58 IST" name="Suite" finished-at="2023-08-25T19:14:05 IST" duration-ms="7237">
    <groups>
    </groups>
    <test started-at="2023-08-25T19:13:58 IST" name="Test" finished-at="2023-08-25T19:14:05 IST" duration-ms="7237">
      <class name="com.rameshsoft.apln.businesscripts.gmailtest">
        <test-method signature="logintest()[pri:0, instance:com.rameshsoft.apln.businesscripts.gmailtest@5386659f]" started-at="2023-08-25T19:14:00 IST" name="logintest" finished-at="2023-08-25T19:14:05 IST" duration-ms="4942" status="PASS">
          <reporter-output>
          </reporter-output>
        </test-method> <!-- logintest -->
      </class> <!-- com.rameshsoft.apln.businesscripts.gmailtest -->
      <class name="com.rameshsoft.apln.businesscripts.fbtest">
        <test-method is-config="true" signature="openbrowser(java.lang.String)[pri:0, instance:com.rameshsoft.apln.businesscripts.fbtest@5032714f]" started-at="2023-08-25T19:13:52 IST" name="openbrowser" finished-at="2023-08-25T19:13:58 IST" duration-ms="6053" status="PASS">
          <params>
            <param index="0">
              <value>
                <![CDATA[chrome]]>
              </value>
            </param>
          </params>
          <reporter-output>
          </reporter-output>
        </test-method> <!-- openbrowser -->
        <test-method signature="login()[pri:0, instance:com.rameshsoft.apln.businesscripts.fbtest@5032714f]" started-at="2023-08-25T19:13:58 IST" name="login" finished-at="2023-08-25T19:14:00 IST" duration-ms="2177" status="PASS">
          <reporter-output>
          </reporter-output>
        </test-method> <!-- login -->
        <test-method is-config="true" signature="closebrowser()[pri:0, instance:com.rameshsoft.apln.businesscripts.fbtest@5032714f]" started-at="2023-08-25T19:14:05 IST" name="closebrowser" finished-at="2023-08-25T19:14:06 IST" duration-ms="532" status="PASS">
          <reporter-output>
          </reporter-output>
        </test-method> <!-- closebrowser -->
      </class> <!-- com.rameshsoft.apln.businesscripts.fbtest -->
    </test> <!-- Test -->
  </suite> <!-- Suite -->
</testng-results>
