<?xml version="1.0" encoding="UTF-8"?>
<!-- Generated by org.testng.reporters.JUnitXMLReporter -->
<testsuite hostname="LAPTOP-9KUC2J4U" ignored="4" name="Test" tests="6" failures="0" timestamp="2022-02-02T10:49:45 IST" time="0.215" errors="0">
  <testcase name="job2" time="0.028" classname="project1.demo2"/>
  <testcase name="job1" time="0.005" classname="project1.demo1"/>
  <testcase name="hike3" time="0.005" classname="project1.demo3"/>
  <testcase name="hike11" time="0.005" classname="project2.demo11"/>
  <testcase name="job11" time="0.004" classname="project2.demo11"/>
  <testcase name="hike22" time="0.003" classname="project2.demo22"/>
  <testcase name="hike2" time="0.0" classname="project1.demo2">
    <ignored/>
  </testcase> <!-- hike2 -->
  <testcase name="hike1" time="0.0" classname="project1.demo1">
    <ignored/>
  </testcase> <!-- hike1 -->
  <testcase name="job3" time="0.0" classname="project1.demo3">
    <ignored/>
  </testcase> <!-- job3 -->
  <testcase name="job22" time="0.0" classname="project2.demo22">
    <ignored/>
  </testcase> <!-- job22 -->
</testsuite> <!-- Test -->
