<?xml version="1.0" encoding="UTF-8"?>
<!-- Generated by org.testng.reporters.JUnitXMLReporter -->
<testsuite hostname="LAPTOP-9KUC2J4U" ignored="0" name="Default test" tests="4" failures="0" timestamp="2022-02-02T12:44:38 IST" time="6.142" errors="0">
  <testcase name="Job" time="0.017" classname="ram.RamaRaju"/>
  <testcase name="hike" time="0.005" classname="ram.RamaRaju"/>
  <testcase name="logintest" time="5.969" classname="ram.RamaRaju"/>
  <testcase name="uselesseclipse" time="0.002" classname="ram.RamaRaju"/>
</testsuite> <!-- Default test -->
