<?xml version="1.0" encoding="UTF-8"?>
<!-- Generated by org.testng.reporters.JUnitXMLReporter -->
<testsuite ignored="0" hostname="LAPTOP-9KUC2J4U" failures="0" tests="3" name="Default test" time="0.27" errors="0" timestamp="2023-09-30T09:22:20 IST">
  <testcase classname="First.Dtaprovider" name="Dtaprovider" time="0.016"/>
  <testcase classname="First.Dtaprovider" name="Dtaprovider" time="0.015"/>
  <testcase classname="First.Dtaprovider" name="Dtaprovider" time="0.025"/>
</testsuite> <!-- Default test -->
