<?xml version="1.0" encoding="UTF-8"?>
<!-- Generated by org.testng.reporters.JUnitXMLReporter -->
<testsuite ignored="2" hostname="LAPTOP-9KUC2J4U" failures="0" tests="2" name="Test" time="7.237" errors="0" timestamp="2023-08-25T19:14:05 IST">
  <testcase classname="com.rameshsoft.apln.businesscripts.fbtest" name="login" time="2.177"/>
  <testcase classname="com.rameshsoft.apln.businesscripts.gmailtest" name="logintest" time="4.942"/>
  <testcase classname="com.rameshsoft.Automation.base.BaseTest" name="@AfterSuite closebrowser" time="0.0">
    <ignored/>
  </testcase> <!-- @AfterSuite closebrowser -->
  <testcase classname="com.rameshsoft.Automation.base.BaseTest" name="@BeforeSuite openbrowser" time="0.0">
    <ignored/>
  </testcase> <!-- @BeforeSuite openbrowser -->
</testsuite> <!-- Test -->
