<?xml version="1.0" encoding="UTF-8"?>
<!-- Generated by org.testng.reporters.JUnitXMLReporter -->
<testsuite ignored="4" hostname="LAPTOP-9KUC2J4U" failures="0" tests="3" name="Test" time="26.777" errors="0" timestamp="2023-09-13T15:14:46 IST">
  <testcase classname="com.rameshsoft.automation.businesscripts.Insttest" name="insttest" time="6.232"/>
  <testcase classname="com.rameshsoft.automation.businesscripts.Gmailtest" name="gmailtest" time="13.482"/>
  <testcase classname="com.rameshsoft.automation.businesscripts.Fptest" name="fptest" time="6.907"/>
  <testcase classname="com.rameshsoft.automation.basetest.Basetest" name="@AfterSuite closebrowser" time="0.0">
    <ignored/>
  </testcase> <!-- @AfterSuite closebrowser -->
  <testcase classname="com.rameshsoft.automation.basetest.Basetest" name="@BeforeSuite openbrowser" time="0.0">
    <ignored/>
  </testcase> <!-- @BeforeSuite openbrowser -->
  <testcase classname="com.rameshsoft.automation.basetest.Basetest" name="@BeforeSuite openbrowser" time="0.0">
    <ignored/>
  </testcase> <!-- @BeforeSuite openbrowser -->
  <testcase classname="com.rameshsoft.automation.basetest.Basetest" name="@AfterSuite closebrowser" time="0.0">
    <ignored/>
  </testcase> <!-- @AfterSuite closebrowser -->
</testsuite> <!-- Test -->
