<?xml version="1.0" encoding="UTF-8"?>
<!-- Generated by org.testng.reporters.JUnitXMLReporter -->
<testsuite ignored="6" hostname="LAPTOP-9KUC2J4U" failures="0" tests="4" name="Test" time="0.233" errors="0" timestamp="2023-08-25T19:16:06 IST">
  <testcase classname="com.rameshsoft.seleniumcore.Demo22" name="hike22" time="0.021"/>
  <testcase classname="com.rameshsoft.seleniumadv.Demo3" name="hike3" time="0.004"/>
  <testcase classname="com.rameshsoft.seleniumadv.Demo1" name="hike1" time="0.005"/>
  <testcase classname="com.rameshsoft.seleniumadv.Demo1" name="job1" time="0.01"/>
  <testcase classname="com.rameshsoft.seleniumadv.Demo2" name="hike2" time="0.0">
    <ignored/>
  </testcase> <!-- hike2 -->
  <testcase classname="com.rameshsoft.seleniumadv.Demo3" name="job3" time="0.0">
    <ignored/>
  </testcase> <!-- job3 -->
  <testcase classname="com.rameshsoft.seleniumcore.Demo22" name="job22" time="0.0">
    <ignored/>
  </testcase> <!-- job22 -->
  <testcase classname="com.rameshsoft.seleniumcore.Demo11" name="hike11" time="0.0">
    <ignored/>
  </testcase> <!-- hike11 -->
  <testcase classname="com.rameshsoft.seleniumcore.Demo11" name="job11" time="0.0">
    <ignored/>
  </testcase> <!-- job11 -->
  <testcase classname="com.rameshsoft.seleniumadv.Demo2" name="job2" time="0.0">
    <ignored/>
  </testcase> <!-- job2 -->
</testsuite> <!-- Test -->
