<?xml version="1.0" encoding="UTF-8"?>
<testng-results skipped="0" failed="0" ignored="4" total="7" passed="3">
  <reporter-output>
  </reporter-output>
  <suite name="Suite" duration-ms="19649" started-at="2022-03-04T13:49:02 IST" finished-at="2022-03-04T13:49:22 IST">
    <groups>
    </groups>
    <test name="Test" duration-ms="19649" started-at="2022-03-04T13:49:02 IST" finished-at="2022-03-04T13:49:22 IST">
      <class name="com.rameshsoft.automation.appln.bussinessscripts.fbtest">
        <test-method status="PASS" signature="beforetcexecution(java.lang.reflect.Method)[pri:0, instance:com.rameshsoft.automation.appln.bussinessscripts.fbtest@4461c7e3]" name="beforetcexecution" is-config="true" duration-ms="0" started-at="2022-03-04T13:49:19 IST" finished-at="2022-03-04T13:49:19 IST">
          <params>
            <param index="0">
              <value>
                <![CDATA[public void com.rameshsoft.automation.appln.bussinessscripts.fbtest.fbtest()]]>
              </value>
            </param>
          </params>
          <reporter-output>
          </reporter-output>
        </test-method> <!-- beforetcexecution -->
        <test-method status="PASS" signature="fbtest()[pri:0, instance:com.rameshsoft.automation.appln.bussinessscripts.fbtest@4461c7e3]" name="fbtest" duration-ms="3287" started-at="2022-03-04T13:49:19 IST" finished-at="2022-03-04T13:49:22 IST">
          <reporter-output>
          </reporter-output>
        </test-method> <!-- fbtest -->
        <test-method status="PASS" signature="aftertcexecution(org.testng.ITestResult)[pri:0, instance:com.rameshsoft.automation.appln.bussinessscripts.fbtest@4461c7e3]" name="aftertcexecution" is-config="true" duration-ms="1" started-at="2022-03-04T13:49:22 IST" finished-at="2022-03-04T13:49:22 IST">
          <params>
            <param index="0">
              <value>
                <![CDATA[[TestResult name=fbtest status=SUCCESS method=fbtest.fbtest()[pri:0, instance:com.rameshsoft.automation.appln.bussinessscripts.fbtest@4461c7e3] output={null}]]]>
              </value>
            </param>
          </params>
          <reporter-output>
          </reporter-output>
        </test-method> <!-- aftertcexecution -->
      </class> <!-- com.rameshsoft.automation.appln.bussinessscripts.fbtest -->
      <class name="com.rameshsoft.automation.appln.bussinessscripts.gmailtest">
        <test-method status="PASS" signature="beforetcexecution(java.lang.reflect.Method)[pri:0, instance:com.rameshsoft.automation.appln.bussinessscripts.gmailtest@4450d156]" name="beforetcexecution" is-config="true" duration-ms="1" started-at="2022-03-04T13:49:12 IST" finished-at="2022-03-04T13:49:12 IST">
          <params>
            <param index="0">
              <value>
                <![CDATA[public void com.rameshsoft.automation.appln.bussinessscripts.gmailtest.logintest()]]>
              </value>
            </param>
          </params>
          <reporter-output>
          </reporter-output>
        </test-method> <!-- beforetcexecution -->
        <test-method status="PASS" signature="logintest()[pri:0, instance:com.rameshsoft.automation.appln.bussinessscripts.gmailtest@4450d156]" name="logintest" duration-ms="6910" started-at="2022-03-04T13:49:12 IST" finished-at="2022-03-04T13:49:19 IST">
          <reporter-output>
          </reporter-output>
        </test-method> <!-- logintest -->
        <test-method status="PASS" signature="aftertcexecution(org.testng.ITestResult)[pri:0, instance:com.rameshsoft.automation.appln.bussinessscripts.gmailtest@4450d156]" name="aftertcexecution" is-config="true" duration-ms="1" started-at="2022-03-04T13:49:19 IST" finished-at="2022-03-04T13:49:19 IST">
          <params>
            <param index="0">
              <value>
                <![CDATA[[TestResult name=logintest status=SUCCESS method=gmailtest.logintest()[pri:0, instance:com.rameshsoft.automation.appln.bussinessscripts.gmailtest@4450d156] output={null}]]]>
              </value>
            </param>
          </params>
          <reporter-output>
          </reporter-output>
        </test-method> <!-- aftertcexecution -->
      </class> <!-- com.rameshsoft.automation.appln.bussinessscripts.gmailtest -->
      <class name="com.rameshsoft.automation.appln.bussinessscripts.InstTest">
        <test-method status="PASS" signature="openbrowser(java.lang.String)[pri:0, instance:com.rameshsoft.automation.appln.bussinessscripts.InstTest@5a4aa2f2]" name="openbrowser" is-config="true" duration-ms="6447" started-at="2022-03-04T13:48:56 IST" finished-at="2022-03-04T13:49:02 IST">
          <params>
            <param index="0">
              <value>
                <![CDATA[chrome]]>
              </value>
            </param>
          </params>
          <reporter-output>
          </reporter-output>
        </test-method> <!-- openbrowser -->
        <test-method status="PASS" signature="beforetcexecution(java.lang.reflect.Method)[pri:0, instance:com.rameshsoft.automation.appln.bussinessscripts.InstTest@5a4aa2f2]" name="beforetcexecution" is-config="true" duration-ms="3" started-at="2022-03-04T13:49:02 IST" finished-at="2022-03-04T13:49:02 IST">
          <params>
            <param index="0">
              <value>
                <![CDATA[public void com.rameshsoft.automation.appln.bussinessscripts.InstTest.instTest()]]>
              </value>
            </param>
          </params>
          <reporter-output>
          </reporter-output>
        </test-method> <!-- beforetcexecution -->
        <test-method status="PASS" signature="instTest()[pri:0, instance:com.rameshsoft.automation.appln.bussinessscripts.InstTest@5a4aa2f2]" name="instTest" duration-ms="9333" started-at="2022-03-04T13:49:02 IST" finished-at="2022-03-04T13:49:12 IST">
          <reporter-output>
          </reporter-output>
        </test-method> <!-- instTest -->
        <test-method status="PASS" signature="aftertcexecution(org.testng.ITestResult)[pri:0, instance:com.rameshsoft.automation.appln.bussinessscripts.InstTest@5a4aa2f2]" name="aftertcexecution" is-config="true" duration-ms="1" started-at="2022-03-04T13:49:12 IST" finished-at="2022-03-04T13:49:12 IST">
          <params>
            <param index="0">
              <value>
                <![CDATA[[TestResult name=instTest status=SUCCESS method=InstTest.instTest()[pri:0, instance:com.rameshsoft.automation.appln.bussinessscripts.InstTest@5a4aa2f2] output={null}]]]>
              </value>
            </param>
          </params>
          <reporter-output>
          </reporter-output>
        </test-method> <!-- aftertcexecution -->
        <test-method status="PASS" signature="closebrowser()[pri:0, instance:com.rameshsoft.automation.appln.bussinessscripts.InstTest@5a4aa2f2]" name="closebrowser" is-config="true" duration-ms="338" started-at="2022-03-04T13:49:22 IST" finished-at="2022-03-04T13:49:22 IST">
          <reporter-output>
          </reporter-output>
        </test-method> <!-- closebrowser -->
      </class> <!-- com.rameshsoft.automation.appln.bussinessscripts.InstTest -->
    </test> <!-- Test -->
  </suite> <!-- Suite -->
</testng-results>
