<?xml version="1.0" encoding="UTF-8"?>
<testng-results ignored="0" total="3" passed="3" failed="0" skipped="0">
  <reporter-output>
  </reporter-output>
  <suite started-at="2023-09-30T09:22:20 IST" name="Default suite" finished-at="2023-09-30T09:22:20 IST" duration-ms="270">
    <groups>
    </groups>
    <test started-at="2023-09-30T09:22:20 IST" name="Default test" finished-at="2023-09-30T09:22:20 IST" duration-ms="270">
      <class name="First.Dtaprovider">
        <test-method signature="Dtaprovider(java.lang.String,int)[pri:0, instance:First.Dtaprovider@3e27aa33]" started-at="2023-09-30T09:22:20 IST" name="Dtaprovider" data-provider="dta" finished-at="2023-09-30T09:22:20 IST" duration-ms="16" status="PASS">
          <params>
            <param index="0">
              <value>
                <![CDATA[sai]]>
              </value>
            </param>
            <param index="1">
              <value>
                <![CDATA[2]]>
              </value>
            </param>
          </params>
          <reporter-output>
          </reporter-output>
        </test-method> <!-- Dtaprovider -->
        <test-method signature="Dtaprovider(java.lang.String,int)[pri:0, instance:First.Dtaprovider@3e27aa33]" started-at="2023-09-30T09:22:20 IST" name="Dtaprovider" data-provider="dta" finished-at="2023-09-30T09:22:20 IST" duration-ms="15" status="PASS">
          <params>
            <param index="0">
              <value>
                <![CDATA[Ramaraju]]>
              </value>
            </param>
            <param index="1">
              <value>
                <![CDATA[25]]>
              </value>
            </param>
          </params>
          <reporter-output>
          </reporter-output>
        </test-method> <!-- Dtaprovider -->
        <test-method signature="Dtaprovider(java.lang.String,int)[pri:0, instance:First.Dtaprovider@3e27aa33]" started-at="2023-09-30T09:22:20 IST" name="Dtaprovider" data-provider="dta" finished-at="2023-09-30T09:22:20 IST" duration-ms="25" status="PASS">
          <params>
            <param index="0">
              <value>
                <![CDATA[saiRamaRaju]]>
              </value>
            </param>
            <param index="1">
              <value>
                <![CDATA[23]]>
              </value>
            </param>
          </params>
          <reporter-output>
          </reporter-output>
        </test-method> <!-- Dtaprovider -->
      </class> <!-- First.Dtaprovider -->
    </test> <!-- Default test -->
  </suite> <!-- Default suite -->
</testng-results>
