<?xml version="1.0" encoding="UTF-8"?>
<!-- Generated by org.testng.reporters.JUnitReportReporter -->
<testsuite skipped="0" hostname="LAPTOP-9KUC2J4U" name="com.rameshsoft.automation.appln.bussinessscripts.gmailtest" tests="1" failures="0" timestamp="2022-03-04T14:33:05 IST" time="11.855" errors="0">
  <testcase name="gmaillogintest" time="11.855" classname="com.rameshsoft.automation.appln.bussinessscripts.gmailtest"/>
  <system-out/>
</testsuite> <!-- com.rameshsoft.automation.appln.bussinessscripts.gmailtest -->
