<?xml version="1.0" encoding="UTF-8"?>
<testng-results ignored="0" total="1" passed="1" failed="0" skipped="0">
  <reporter-output>
  </reporter-output>
  <suite started-at="2024-11-17T19:53:47 IST" name="Suite" finished-at="2024-11-17T19:54:51 IST" duration-ms="64004">
    <groups>
    </groups>
    <test started-at="2024-11-17T19:53:47 IST" name="Test" finished-at="2024-11-17T19:54:51 IST" duration-ms="64004">
      <class name="testscripts.regression.ValidateLoginUsingPomDataProviderExcel">
        <test-method is-config="true" signature="fileReadSet()[pri:0, instance:testscripts.regression.ValidateLoginUsingPomDataProviderExcel@1c5920df]" started-at="2024-11-17T19:53:47 IST" name="fileReadSet" finished-at="2024-11-17T19:53:47 IST" duration-ms="663" status="PASS">
          <reporter-output>
          </reporter-output>
        </test-method> <!-- fileReadSet -->
        <test-method is-config="true" signature="setUp(java.lang.reflect.Method)[pri:0, instance:testscripts.regression.ValidateLoginUsingPomDataProviderExcel@1c5920df]" started-at="2024-11-17T19:53:49 IST" name="setUp" finished-at="2024-11-17T19:54:15 IST" duration-ms="25365" status="PASS">
          <params>
            <param index="0">
              <value>
                <![CDATA[public void testscripts.regression.ValidateLoginUsingPomDataProviderExcel.validateLogin(java.util.HashMap)]]>
              </value>
            </param>
          </params>
          <reporter-output>
          </reporter-output>
        </test-method> <!-- setUp -->
        <test-method signature="validateLogin(java.util.HashMap)[pri:0, instance:testscripts.regression.ValidateLoginUsingPomDataProviderExcel@1c5920df]" started-at="2024-11-17T19:54:15 IST" name="validateLogin" data-provider="getTestData" finished-at="2024-11-17T19:54:46 IST" duration-ms="31438" status="PASS">
          <params>
            <param index="0">
              <value>
                <![CDATA[{password=reyaz123, expected title=Adactin.com - Search Hotel, username=reyaz0806}]]>
              </value>
            </param>
          </params>
          <reporter-output>
          </reporter-output>
        </test-method> <!-- validateLogin -->
        <test-method is-config="true" signature="tearDown()[pri:0, instance:testscripts.regression.ValidateLoginUsingPomDataProviderExcel@1c5920df]" started-at="2024-11-17T19:54:46 IST" name="tearDown" finished-at="2024-11-17T19:54:50 IST" duration-ms="3603" status="PASS">
          <reporter-output>
          </reporter-output>
        </test-method> <!-- tearDown -->
        <test-method is-config="true" signature="flushReports()[pri:0, instance:testscripts.regression.ValidateLoginUsingPomDataProviderExcel@1c5920df]" started-at="2024-11-17T19:54:50 IST" name="flushReports" finished-at="2024-11-17T19:54:51 IST" duration-ms="691" status="PASS">
          <reporter-output>
          </reporter-output>
        </test-method> <!-- flushReports -->
      </class> <!-- testscripts.regression.ValidateLoginUsingPomDataProviderExcel -->
    </test> <!-- Test -->
  </suite> <!-- Suite -->
</testng-results>
