<?xml version="1.0" encoding="UTF-8"?>
<testng-results ignored="0" total="1" passed="1" failed="0" skipped="0">
  <reporter-output>
  </reporter-output>
  <suite started-at="2024-10-29T19:24:56 IST" name="Default suite" finished-at="2024-10-29T19:26:31 IST" duration-ms="95353">
    <groups>
    </groups>
    <test started-at="2024-10-29T19:24:56 IST" name="Default test" finished-at="2024-10-29T19:26:31 IST" duration-ms="95353">
      <class name="regression.ValidateLogin">
        <test-method signature="validateLoginTest()[pri:0, instance:regression.ValidateLogin@1ed6388a]" started-at="2024-10-29T19:24:56 IST" name="validateLoginTest" finished-at="2024-10-29T19:26:27 IST" duration-ms="91177" status="PASS">
          <reporter-output>
          </reporter-output>
        </test-method> <!-- validateLoginTest -->
        <test-method is-config="true" signature="teardown()[pri:0, instance:regression.ValidateLogin@1ed6388a]" started-at="2024-10-29T19:26:27 IST" name="teardown" finished-at="2024-10-29T19:26:31 IST" duration-ms="4032" status="PASS">
          <reporter-output>
          </reporter-output>
        </test-method> <!-- teardown -->
      </class> <!-- regression.ValidateLogin -->
    </test> <!-- Default test -->
  </suite> <!-- Default suite -->
</testng-results>
